  Process "scanner.l" flex file
  scanner.flex.cpp
c:\program files (x86)\microsoft visual studio\2017\community\vc\tools\msvc\14.10.25017\include\stdint.h(48): warning C4005: “INT8_MIN”: 宏重定义
  c:\users\dangerous\documents\visual studio 2017\projects\newcompiler\newcompiler\scanner.flex.cpp(59): note: 参见“INT8_MIN”的前一个定义
c:\program files (x86)\microsoft visual studio\2017\community\vc\tools\msvc\14.10.25017\include\stdint.h(49): warning C4005: “INT16_MIN”: 宏重定义
  c:\users\dangerous\documents\visual studio 2017\projects\newcompiler\newcompiler\scanner.flex.cpp(62): note: 参见“INT16_MIN”的前一个定义
c:\program files (x86)\microsoft visual studio\2017\community\vc\tools\msvc\14.10.25017\include\stdint.h(50): warning C4005: “INT32_MIN”: 宏重定义
  c:\users\dangerous\documents\visual studio 2017\projects\newcompiler\newcompiler\scanner.flex.cpp(65): note: 参见“INT32_MIN”的前一个定义
c:\program files (x86)\microsoft visual studio\2017\community\vc\tools\msvc\14.10.25017\include\stdint.h(52): warning C4005: “INT8_MAX”: 宏重定义
  c:\users\dangerous\documents\visual studio 2017\projects\newcompiler\newcompiler\scanner.flex.cpp(68): note: 参见“INT8_MAX”的前一个定义
c:\program files (x86)\microsoft visual studio\2017\community\vc\tools\msvc\14.10.25017\include\stdint.h(53): warning C4005: “INT16_MAX”: 宏重定义
  c:\users\dangerous\documents\visual studio 2017\projects\newcompiler\newcompiler\scanner.flex.cpp(71): note: 参见“INT16_MAX”的前一个定义
c:\program files (x86)\microsoft visual studio\2017\community\vc\tools\msvc\14.10.25017\include\stdint.h(54): warning C4005: “INT32_MAX”: 宏重定义
  c:\users\dangerous\documents\visual studio 2017\projects\newcompiler\newcompiler\scanner.flex.cpp(74): note: 参见“INT32_MAX”的前一个定义
c:\program files (x86)\microsoft visual studio\2017\community\vc\tools\msvc\14.10.25017\include\stdint.h(56): warning C4005: “UINT8_MAX”: 宏重定义
  c:\users\dangerous\documents\visual studio 2017\projects\newcompiler\newcompiler\scanner.flex.cpp(77): note: 参见“UINT8_MAX”的前一个定义
c:\program files (x86)\microsoft visual studio\2017\community\vc\tools\msvc\14.10.25017\include\stdint.h(57): warning C4005: “UINT16_MAX”: 宏重定义
  c:\users\dangerous\documents\visual studio 2017\projects\newcompiler\newcompiler\scanner.flex.cpp(80): note: 参见“UINT16_MAX”的前一个定义
c:\program files (x86)\microsoft visual studio\2017\community\vc\tools\msvc\14.10.25017\include\stdint.h(58): warning C4005: “UINT32_MAX”: 宏重定义
  c:\users\dangerous\documents\visual studio 2017\projects\newcompiler\newcompiler\scanner.flex.cpp(83): note: 参见“UINT32_MAX”的前一个定义
c:\users\dangerous\documents\visual studio 2017\projects\newcompiler\newcompiler\scanner.l(49): warning C4244: “=”: 从“double”转换到“int”，可能丢失数据
c:\users\dangerous\documents\visual studio 2017\projects\newcompiler\newcompiler\scanner.l(52): warning C4996: 'strcpy': This function or variable may be unsafe. Consider using strcpy_s instead. To disable deprecation, use _CRT_SECURE_NO_WARNINGS. See online help for details.
  c:\program files (x86)\windows kits\10\include\10.0.15063.0\ucrt\string.h(136): note: 参见“strcpy”的声明
  NewCompiler.vcxproj -> C:\Users\Dangerous\documents\visual studio 2017\Projects\NewCompiler\Debug\NewCompiler.exe
  NewCompiler.vcxproj -> C:\Users\Dangerous\documents\visual studio 2017\Projects\NewCompiler\Debug\NewCompiler.pdb (Partial PDB)
